2020-09-30 10:56:54,352 INFO supervisord started with pid 3264476
2020-09-30 10:56:55,354 INFO spawned: 'appyter_1' with pid 3264501
2020-09-30 10:56:55,356 INFO spawned: 'nginx_0' with pid 3264502
2020-09-30 10:56:55,389 INFO success: nginx_0 entered RUNNING state, process has stayed up for > than 0 seconds (startsecs)
2020-09-30 10:56:56,829 INFO success: appyter_1 entered RUNNING state, process has stayed up for > than 1 seconds (startsecs)
2020-09-30 11:01:36,813 WARN received SIGINT indicating exit request
2020-09-30 11:01:36,813 INFO waiting for appyter_1, nginx_0 to die
2020-09-30 11:01:36,944 INFO stopped: nginx_0 (exit status 0)
2020-09-30 11:01:36,944 WARN received SIGTERM indicating exit request
2020-09-30 11:01:37,114 INFO stopped: appyter_1 (exit status 0)
2020-09-30 11:01:39,244 INFO supervisord started with pid 3276969
2020-09-30 11:01:40,247 INFO spawned: 'appyter_1' with pid 3276977
2020-09-30 11:01:40,249 INFO spawned: 'nginx_0' with pid 3276978
2020-09-30 11:01:40,273 INFO success: nginx_0 entered RUNNING state, process has stayed up for > than 0 seconds (startsecs)
2020-09-30 11:01:41,913 INFO success: appyter_1 entered RUNNING state, process has stayed up for > than 1 seconds (startsecs)
2020-09-30 11:06:14,852 WARN received SIGINT indicating exit request
2020-09-30 11:06:14,852 INFO waiting for appyter_1, nginx_0 to die
2020-09-30 11:06:14,994 INFO stopped: nginx_0 (exit status 0)
2020-09-30 11:06:14,994 WARN received SIGTERM indicating exit request
2020-09-30 11:06:15,161 INFO stopped: appyter_1 (exit status 0)
2020-09-30 11:06:17,506 INFO supervisord started with pid 3289426
2020-09-30 11:06:18,508 INFO spawned: 'appyter_1' with pid 3289446
2020-09-30 11:06:18,510 INFO spawned: 'nginx_0' with pid 3289447
2020-09-30 11:06:18,531 INFO success: nginx_0 entered RUNNING state, process has stayed up for > than 0 seconds (startsecs)
2020-09-30 11:06:20,347 INFO success: appyter_1 entered RUNNING state, process has stayed up for > than 1 seconds (startsecs)
2020-09-30 11:11:10,137 WARN received SIGINT indicating exit request
2020-09-30 11:11:10,137 INFO waiting for appyter_1, nginx_0 to die
2020-09-30 11:11:10,274 INFO stopped: nginx_0 (exit status 0)
2020-09-30 11:11:10,274 WARN received SIGTERM indicating exit request
2020-09-30 11:11:10,440 INFO stopped: appyter_1 (exit status 0)
2020-09-30 11:11:25,100 INFO supervisord started with pid 3303054
2020-09-30 11:11:26,103 INFO spawned: 'appyter_1' with pid 3303067
2020-09-30 11:11:26,106 INFO spawned: 'nginx_0' with pid 3303068
2020-09-30 11:11:26,131 INFO success: nginx_0 entered RUNNING state, process has stayed up for > than 0 seconds (startsecs)
2020-09-30 11:11:27,139 INFO success: appyter_1 entered RUNNING state, process has stayed up for > than 1 seconds (startsecs)
2020-09-30 11:16:23,565 WARN received SIGINT indicating exit request
2020-09-30 11:16:23,566 INFO waiting for appyter_1, nginx_0 to die
2020-09-30 11:16:23,683 INFO stopped: nginx_0 (exit status 0)
2020-09-30 11:16:23,684 WARN received SIGTERM indicating exit request
2020-09-30 11:16:23,845 INFO stopped: appyter_1 (exit status 0)
2020-09-30 11:16:25,719 INFO supervisord started with pid 3316885
2020-09-30 11:16:26,722 INFO spawned: 'appyter_1' with pid 3317064
2020-09-30 11:16:26,724 INFO spawned: 'nginx_0' with pid 3317065
2020-09-30 11:16:26,746 INFO success: nginx_0 entered RUNNING state, process has stayed up for > than 0 seconds (startsecs)
2020-09-30 11:16:28,480 INFO success: appyter_1 entered RUNNING state, process has stayed up for > than 1 seconds (startsecs)
2020-09-30 11:25:18,772 WARN received SIGINT indicating exit request
2020-09-30 11:25:18,773 INFO waiting for appyter_1, nginx_0 to die
2020-09-30 11:25:18,934 INFO stopped: nginx_0 (exit status 0)
2020-09-30 11:25:18,934 WARN received SIGTERM indicating exit request
2020-09-30 11:25:19,097 INFO stopped: appyter_1 (exit status 0)
2020-09-30 11:25:21,215 INFO supervisord started with pid 3341037
2020-09-30 11:25:22,218 INFO spawned: 'appyter_1' with pid 3341218
2020-09-30 11:25:22,220 INFO spawned: 'nginx_0' with pid 3341219
2020-09-30 11:25:22,246 INFO success: nginx_0 entered RUNNING state, process has stayed up for > than 0 seconds (startsecs)
2020-09-30 11:25:23,981 INFO success: appyter_1 entered RUNNING state, process has stayed up for > than 1 seconds (startsecs)
2020-09-30 11:30:26,196 WARN received SIGINT indicating exit request
2020-09-30 11:30:26,196 INFO waiting for appyter_1, nginx_0 to die
2020-09-30 11:30:26,334 INFO stopped: nginx_0 (exit status 0)
2020-09-30 11:30:26,334 WARN received SIGTERM indicating exit request
2020-09-30 11:30:26,492 INFO stopped: appyter_1 (exit status 0)
2020-09-30 11:30:28,668 INFO supervisord started with pid 3354777
2020-09-30 11:30:29,671 INFO spawned: 'appyter_1' with pid 3354791
2020-09-30 11:30:29,672 INFO spawned: 'nginx_0' with pid 3354792
2020-09-30 11:30:29,691 INFO success: nginx_0 entered RUNNING state, process has stayed up for > than 0 seconds (startsecs)
2020-09-30 11:30:31,412 INFO success: appyter_1 entered RUNNING state, process has stayed up for > than 1 seconds (startsecs)
2020-09-30 11:42:13,637 WARN received SIGINT indicating exit request
2020-09-30 11:42:13,638 INFO waiting for appyter_1, nginx_0 to die
2020-09-30 11:42:13,764 INFO stopped: nginx_0 (exit status 0)
2020-09-30 11:42:13,764 WARN received SIGTERM indicating exit request
2020-09-30 11:42:13,929 INFO stopped: appyter_1 (exit status 0)
2020-09-30 11:42:15,701 INFO supervisord started with pid 3386314
2020-09-30 11:42:16,704 INFO spawned: 'appyter_1' with pid 3386496
2020-09-30 11:42:16,706 INFO spawned: 'nginx_0' with pid 3386497
2020-09-30 11:42:16,728 INFO success: nginx_0 entered RUNNING state, process has stayed up for > than 0 seconds (startsecs)
2020-09-30 11:42:17,705 INFO success: appyter_1 entered RUNNING state, process has stayed up for > than 1 seconds (startsecs)
2020-09-30 11:42:50,152 WARN received SIGINT indicating exit request
2020-09-30 11:42:50,152 INFO waiting for appyter_1, nginx_0 to die
2020-09-30 11:42:50,284 INFO stopped: nginx_0 (exit status 0)
2020-09-30 11:42:50,284 WARN received SIGTERM indicating exit request
2020-09-30 11:42:50,447 INFO stopped: appyter_1 (exit status 0)
2020-09-30 11:42:54,532 INFO supervisord started with pid 3388054
2020-09-30 11:42:55,534 INFO spawned: 'appyter_1' with pid 3388079
2020-09-30 11:42:55,537 INFO spawned: 'nginx_0' with pid 3388080
2020-09-30 11:42:55,563 INFO success: nginx_0 entered RUNNING state, process has stayed up for > than 0 seconds (startsecs)
2020-09-30 11:42:56,578 INFO success: appyter_1 entered RUNNING state, process has stayed up for > than 1 seconds (startsecs)
2020-09-30 11:49:55,083 WARN received SIGINT indicating exit request
2020-09-30 11:49:55,083 INFO waiting for appyter_1, nginx_0 to die
2020-09-30 11:49:55,184 INFO stopped: nginx_0 (exit status 0)
2020-09-30 11:49:55,359 INFO stopped: appyter_1 (exit status 0)
2020-09-30 11:49:55,359 WARN received SIGTERM indicating exit request
2020-09-30 11:49:57,414 INFO supervisord started with pid 3407160
2020-09-30 11:49:58,417 INFO spawned: 'appyter_1' with pid 3407193
2020-09-30 11:49:58,419 INFO spawned: 'nginx_0' with pid 3407194
2020-09-30 11:49:58,441 INFO success: nginx_0 entered RUNNING state, process has stayed up for > than 0 seconds (startsecs)
2020-09-30 11:49:59,422 INFO success: appyter_1 entered RUNNING state, process has stayed up for > than 1 seconds (startsecs)
2020-09-30 11:55:06,022 WARN received SIGINT indicating exit request
2020-09-30 11:55:06,023 INFO waiting for appyter_1, nginx_0 to die
2020-09-30 11:55:06,153 INFO stopped: nginx_0 (exit status 0)
2020-09-30 11:55:06,350 INFO stopped: appyter_1 (exit status 0)
2020-09-30 11:55:06,350 WARN received SIGTERM indicating exit request
2020-09-30 11:55:08,158 INFO supervisord started with pid 3420942
2020-09-30 11:55:09,161 INFO spawned: 'appyter_1' with pid 3420953
2020-09-30 11:55:09,164 INFO spawned: 'nginx_0' with pid 3420954
2020-09-30 11:55:09,185 INFO success: nginx_0 entered RUNNING state, process has stayed up for > than 0 seconds (startsecs)
2020-09-30 11:55:10,243 INFO success: appyter_1 entered RUNNING state, process has stayed up for > than 1 seconds (startsecs)
2020-09-30 11:59:23,099 WARN received SIGINT indicating exit request
2020-09-30 11:59:23,099 INFO waiting for appyter_1, nginx_0 to die
2020-09-30 11:59:23,244 INFO stopped: nginx_0 (exit status 0)
2020-09-30 11:59:23,244 WARN received SIGTERM indicating exit request
2020-09-30 11:59:23,256 INFO stopped: appyter_1 (terminated by SIGTERM)
2020-09-30 11:59:33,721 INFO supervisord started with pid 3433039
2020-09-30 11:59:34,724 INFO spawned: 'appyter_1' with pid 3433059
2020-09-30 11:59:34,726 INFO spawned: 'nginx_0' with pid 3433060
2020-09-30 11:59:34,748 INFO success: nginx_0 entered RUNNING state, process has stayed up for > than 0 seconds (startsecs)
2020-09-30 11:59:36,379 INFO success: appyter_1 entered RUNNING state, process has stayed up for > than 1 seconds (startsecs)
2020-09-30 12:00:28,860 WARN received SIGINT indicating exit request
2020-09-30 12:00:28,860 INFO waiting for appyter_1, nginx_0 to die
2020-09-30 12:00:28,984 INFO stopped: nginx_0 (exit status 0)
2020-09-30 12:00:28,984 WARN received SIGTERM indicating exit request
2020-09-30 12:00:28,993 INFO stopped: appyter_1 (terminated by SIGTERM)
2020-09-30 12:08:47,688 INFO supervisord started with pid 3458469
2020-09-30 12:08:48,692 INFO spawned: 'appyter_1' with pid 3458482
2020-09-30 12:08:48,695 INFO spawned: 'nginx_0' with pid 3458483
2020-09-30 12:08:48,719 INFO success: nginx_0 entered RUNNING state, process has stayed up for > than 0 seconds (startsecs)
2020-09-30 12:08:50,378 INFO success: appyter_1 entered RUNNING state, process has stayed up for > than 1 seconds (startsecs)
2020-09-30 12:10:57,373 WARN received SIGINT indicating exit request
2020-09-30 12:10:57,373 INFO waiting for appyter_1, nginx_0 to die
2020-09-30 12:10:57,524 INFO stopped: nginx_0 (exit status 0)
2020-09-30 12:10:57,524 WARN received SIGTERM indicating exit request
2020-09-30 12:10:57,532 INFO stopped: appyter_1 (terminated by SIGTERM)
2020-09-30 12:17:51,704 INFO supervisord started with pid 3483308
2020-09-30 12:17:52,707 INFO spawned: 'appyter_1' with pid 3483481
2020-09-30 12:17:52,709 INFO spawned: 'nginx_0' with pid 3483482
2020-09-30 12:17:52,727 INFO success: nginx_0 entered RUNNING state, process has stayed up for > than 0 seconds (startsecs)
2020-09-30 12:17:54,442 INFO success: appyter_1 entered RUNNING state, process has stayed up for > than 1 seconds (startsecs)
2020-09-30 12:18:04,757 WARN received SIGINT indicating exit request
2020-09-30 12:18:04,757 INFO waiting for appyter_1, nginx_0 to die
2020-09-30 12:18:04,924 INFO stopped: nginx_0 (exit status 0)
2020-09-30 12:18:04,924 WARN received SIGTERM indicating exit request
2020-09-30 12:18:05,085 INFO stopped: appyter_1 (exit status 0)
2020-09-30 12:19:32,566 INFO supervisord started with pid 3488022
2020-09-30 12:19:33,569 INFO spawned: 'appyter_1' with pid 3488040
2020-09-30 12:19:33,571 INFO spawned: 'nginx_0' with pid 3488041
2020-09-30 12:19:33,590 INFO success: nginx_0 entered RUNNING state, process has stayed up for > than 0 seconds (startsecs)
2020-09-30 12:19:35,038 INFO success: appyter_1 entered RUNNING state, process has stayed up for > than 1 seconds (startsecs)
2020-09-30 12:19:42,013 WARN received SIGINT indicating exit request
2020-09-30 12:19:42,013 INFO waiting for appyter_1, nginx_0 to die
2020-09-30 12:19:42,153 INFO stopped: nginx_0 (exit status 0)
2020-09-30 12:19:42,154 WARN received SIGTERM indicating exit request
2020-09-30 12:19:42,321 INFO stopped: appyter_1 (exit status 0)
